<?xml version="1.0" encoding="UTF-8"?>
<!-- Generated by org.testng.reporters.JUnitXMLReporter -->
<testsuite ignored="3" hostname="143MAK" failures="0" tests="5" name="Test" time="0.076" errors="0" timestamp="2024-08-27T15:13:03 IST">
  <testcase classname="grouping.Class1" name="launchApp" time="0.01"/>
  <testcase classname="grouping.Class1" name="loginApp" time="0.001"/>
  <testcase classname="grouping.Class1" name="searchApp" time="0.002"/>
  <testcase classname="grouping.Class3" name="paymentTest" time="0.002"/>
  <testcase classname="grouping.Class3" name="productCompareTest" time="0.001"/>
  <testcase classname="grouping.Class1" name="logoutApp" time="0.0">
    <ignored/>
  </testcase> <!-- logoutApp -->
  <testcase classname="grouping.Class2" name="addToCatTest" time="0.0">
    <ignored/>
  </testcase> <!-- addToCatTest -->
  <testcase classname="grouping.Class2" name="advanceSearchTest" time="0.0">
    <ignored/>
  </testcase> <!-- advanceSearchTest -->
</testsuite> <!-- Test -->
