<?xml version="1.0" encoding="UTF-8"?>
<testng-results ignored="0" total="5" passed="5" failed="0" skipped="0">
  <reporter-output>
  </reporter-output>
  <suite started-at="2024-08-27T15:13:03 IST" name=" GroupingTestSuite" finished-at="2024-08-27T15:13:03 IST" duration-ms="76">
    <groups>
      <group name="Functional">
        <method signature="Class3.paymentTest()[pri:1, instance:grouping.Class3@47eaca72]" name="paymentTest" class="grouping.Class3"/>
        <method signature="Class3.productCompareTest()[pri:2, instance:grouping.Class3@47eaca72]" name="productCompareTest" class="grouping.Class3"/>
      </group> <!-- Functional -->
      <group name="Sanity">
        <method signature="Class3.paymentTest()[pri:1, instance:grouping.Class3@47eaca72]" name="paymentTest" class="grouping.Class3"/>
        <method signature="Class3.productCompareTest()[pri:2, instance:grouping.Class3@47eaca72]" name="productCompareTest" class="grouping.Class3"/>
      </group> <!-- Sanity -->
      <group name="Smoke">
        <method signature="Class1.launchApp()[pri:1, instance:grouping.Class1@7c7b252e]" name="launchApp" class="grouping.Class1"/>
        <method signature="Class1.loginApp()[pri:2, instance:grouping.Class1@7c7b252e]" name="loginApp" class="grouping.Class1"/>
        <method signature="Class1.searchApp()[pri:3, instance:grouping.Class1@7c7b252e]" name="searchApp" class="grouping.Class1"/>
      </group> <!-- Smoke -->
    </groups>
    <test started-at="2024-08-27T15:13:03 IST" name="Test" finished-at="2024-08-27T15:13:03 IST" duration-ms="76">
      <class name="grouping.Class1">
        <test-method signature="launchApp()[pri:1, instance:grouping.Class1@7c7b252e]" started-at="2024-08-27T15:13:03 IST" name="launchApp" finished-at="2024-08-27T15:13:03 IST" duration-ms="10" status="PASS">
          <reporter-output>
          </reporter-output>
        </test-method> <!-- launchApp -->
        <test-method signature="loginApp()[pri:2, instance:grouping.Class1@7c7b252e]" started-at="2024-08-27T15:13:03 IST" name="loginApp" finished-at="2024-08-27T15:13:03 IST" duration-ms="1" status="PASS">
          <reporter-output>
          </reporter-output>
        </test-method> <!-- loginApp -->
        <test-method signature="searchApp()[pri:3, instance:grouping.Class1@7c7b252e]" started-at="2024-08-27T15:13:03 IST" name="searchApp" finished-at="2024-08-27T15:13:03 IST" depends-on-methods="grouping.Class1.loginApp, grouping.Class1.launchApp" duration-ms="2" status="PASS">
          <reporter-output>
          </reporter-output>
        </test-method> <!-- searchApp -->
      </class> <!-- grouping.Class1 -->
      <class name="grouping.Class3">
        <test-method signature="paymentTest()[pri:1, instance:grouping.Class3@47eaca72]" started-at="2024-08-27T15:13:03 IST" name="paymentTest" finished-at="2024-08-27T15:13:03 IST" duration-ms="2" status="PASS">
          <reporter-output>
          </reporter-output>
        </test-method> <!-- paymentTest -->
        <test-method signature="productCompareTest()[pri:2, instance:grouping.Class3@47eaca72]" started-at="2024-08-27T15:13:03 IST" name="productCompareTest" finished-at="2024-08-27T15:13:03 IST" duration-ms="1" status="PASS">
          <reporter-output>
          </reporter-output>
        </test-method> <!-- productCompareTest -->
      </class> <!-- grouping.Class3 -->
    </test> <!-- Test -->
  </suite> <!--  GroupingTestSuite -->
</testng-results>
